        0.675568        0.685771         2.05962
        0.957606        0.343855       0.0970073
         -1.2734        0.618712       -0.956913
        0.103272        -1.73105        -1.18453
       -0.539352        -2.08354          2.1238
         1.78909        0.510778        0.449555
       -0.108203        0.241361        -1.44981
        0.556946         1.91794         -1.5475
        0.702973         2.15453         1.48168
         1.62852         1.78545       -0.123962
        -0.71754        0.477221         -1.0256
         1.58461       -0.414535        0.521695
       -0.112594       -0.660249        -1.29137
        -1.01766        -0.96824        0.487234
        0.606542         1.23162         1.01628
         -1.1896        0.865274         1.14409
        -1.11076         1.96445       -0.929008
       -0.875631        -1.87445        0.478868
        0.625518        0.881702       -0.298347
       0.0529708        -1.04423        0.270838
        0.759271        0.403977         0.38103
        -1.91355         1.31631       -0.938994
        0.519984       -0.739647         1.02214
         1.06352       -0.655405        -0.41259
       -0.691176       -0.249909         1.09199
        -1.47287        -1.20878         2.43006
        0.643752       -0.427557         1.04732
       -0.682621        0.566094       -0.118253
         2.11243       -0.519338          -0.385
        0.849979        -1.45412         1.02862
       -0.107115         -2.7785        -2.11832
      -0.0844864         2.04604        0.137907
        0.468315       -0.462543        0.533105
        0.830024         1.42267         1.82293
         1.07345      -0.0280059       -0.150737
         1.51772        -0.42672       -0.778244
      0.00734387       -0.629881       -0.288861
         1.09013        -1.62056       -0.931454
        -1.29898        0.834405         1.11886
        -1.44899       -0.843395        -1.67755
        0.620502         1.05121       -0.655075
       -0.494845       -0.381635         1.33398
       -0.483015       -0.729816       -0.918609
        0.985805        0.884628        -1.92286
      -0.0926016        -1.01921        -1.61064
         1.90963        0.785369         1.92909
        0.873105         0.92596       -0.611868
        0.588724         1.69169       -0.192854
         0.37697        0.195839         0.17222
        0.509238         1.57761       -0.815803
       -0.571613        0.802987        0.357832
         0.15807       0.0604165       -0.238625
         0.31399       -0.706128       -0.842226
     -0.00366855         0.62533         2.30578
        0.204086        0.188916        0.860397
       -0.994754           1.589       -0.831518
        0.273452         0.13766        -1.45539
        0.940429        0.356118        0.819861
        0.173868        -1.18952        -3.01378
        -0.53424        0.069749        -1.21143
      -0.0444073           1.033        -1.65655
        -1.49956      -0.0996375        0.496869
       -0.853327        0.385622       -0.321758
       0.0229514         -1.3483         1.62473
       -0.881391        -1.64619       -0.840131
       -0.277719       -0.926308      -0.0568252
         2.31367         1.34231        0.117216
        -1.54717       -0.129389         1.48972
        -1.27239        0.672224       -0.328419
       -0.767818       -0.263406       -0.937571
         1.13297       -0.468826         0.61394
       -0.442132       -0.319198         1.07276
        0.310291        0.494518       -0.606003
      -0.0753394        -1.16185        0.131359
        0.553182        -0.37703          -0.897
         1.03249        -0.89386        0.667563
       -0.279841          1.3692        0.428568
        -1.76916         -1.4401       -0.927995
       -0.880398        -1.48081       -0.198886
     -0.00416927       -0.132533       -0.433594
        -1.91804       -0.478094        -1.93044
         -2.0901         1.38519        0.434892
         2.19708        0.452075         1.27063
        -0.66683        0.558549       -0.518188
       -0.574079         1.07259        0.323406
        -1.17042        0.815915        0.629775
        0.131698        -0.51258        -1.67314
         2.17291        0.372241       -0.851368
        0.048736       -0.360816       -0.209699
       -0.316572        0.558216       -0.749626
        0.652886       -0.789931        0.847949
         1.09376        -1.01107       -0.523419
        0.759975        0.197264         1.65191
        -1.48419      -0.0349466         1.60391
         1.18223       0.0943123        0.146668
        0.949404       -0.255361         1.13536
        0.154164        -1.11111      -0.0356311
         -1.6644        -1.35535         1.30061
      -0.0218326        0.198218        -1.39231
       -0.579618       -0.638085       -0.701294
       -0.127773        0.289397       -0.403606
       -0.241155        -1.00838         1.71938
        -1.45048         1.28494        0.383945
        0.676554     -0.00625564        0.744879
       -0.257176        -2.42033          1.3735
        -1.30851         1.88539       -0.856455
        0.613418        0.712646        -0.16311
        -1.86052       -0.867749       -0.592565
