        0.563187       -0.472595       -0.904043
         1.26038        -0.86805        0.308704
        0.953653         2.00638        0.567578
        -1.85961         1.82053       -0.751811
       -0.469445         0.44281       -0.901265
        -1.20808        0.594263         2.33067
         0.43247        0.617852        0.700264
       -0.923939       -0.368168         1.26957
       -0.903541       -0.202474        0.414853
       -0.963147      -0.0276669        0.633521
        0.727286      -0.0263514        0.718034
         1.58458        -1.11844       -0.458726
         1.25392        0.157498         1.19308
        0.117137       -0.211421         2.09512
          1.8471         1.82249        0.200219
        -0.53034        -1.04974         1.09006
        0.926514         1.73915         1.13243
        -1.90614       -0.756133       -0.409818
         1.41308         2.70426         1.73742
         1.70989        0.933625        0.926385
        -1.18714        0.626064        -1.21851
        -1.24456       -0.503904        -1.68079
       -0.696585        0.419024        -1.26562
         1.08962        -2.32589      -0.0121837
       -0.496246       -0.871502        0.539701
       0.0620436         1.42202        0.051527
      -0.0597106        0.794531       -0.918031
       0.0363721       -0.207211         1.71997
      -0.0962427        -0.75313         1.61582
        0.454579       -0.982712         1.80989
       0.0321501        0.930854        0.336453
       -0.861844         2.06693       -0.688976
        -1.00725        0.305361        -1.15321
        0.441158      -0.0571412        -1.13971
         -1.1089      -0.0804212         1.12532
        0.591029        0.753614         2.39206
        0.451784         1.15358        0.663702
       -0.733275        -1.11796      -0.0610099
       -0.852978        -1.43493        0.673736
        0.863742        -1.58789       -0.358218
      -0.0395368        0.783899         2.02193
       -0.162348       0.0835704         -1.1478
        -1.17739        -1.86592        0.651053
        0.774235      -0.0181136       -0.381065
      -0.0173783        -1.29689         1.10023
        0.935812        0.498375         1.38846
        -2.32082        0.714877       -0.372033
       -0.357585        0.431509        0.528652
        -1.05841         0.93672         0.83248
        -1.46827      -0.0666188        0.837739
         1.00791         1.15299       -0.241314
        0.268243        -3.18314         2.45704
        0.479193        -0.17253        0.285025
        0.574828        0.235467        0.561714
       -0.778279        -1.65749       -0.314886
         1.36221       -0.938161       -0.724278
         1.01605         1.30774        -1.65263
       -0.196962        0.420775         1.06832
        0.920061         1.11591        -1.17332
       -0.439596        -0.72742        0.976379
        0.409924       -0.326299           2.166
         1.08677        -1.06051        -1.90219
        0.560559        -1.18164        -1.20802
         1.71409       -0.519434       -0.183746
         1.93914         1.21002        0.767721
        -2.42479       -0.345529       0.0178709
        0.970719         1.14391        -1.93468
       -0.753551        -1.94991       -0.708946
        -3.00815         1.13171       -0.744144
         -1.2884      -0.0226656        -2.15023
        0.781079        0.586649        0.907685
      0.00632221        0.369759        0.808894
        0.696169         1.68569        -1.71213
        0.482558         0.69676      -0.0953473
        0.314811        -1.13188        -1.19408
       -0.860467        -1.27271       -0.915028
         2.55666        0.714551       -0.711006
       -0.339987       -0.420882        -1.92117
         1.79242        0.968503        -1.78821
         2.13985       -0.651045       -0.357352
         2.11972        0.218844       -0.599441
        0.188869        0.364561       -0.888889
        0.104463        0.815033        0.374904
        -1.04647       -0.357854       -0.330276
         1.48152       -0.779432        -1.10105
        0.372665           0.334        -1.28549
        0.420775        -3.00399         0.64196
       -0.538587        -1.03242        0.126802
        -2.18252        0.255917        0.235783
         -1.1328        -1.40113        -1.02178
       -0.154168        0.467797       0.0516817
        0.347479         1.27297         -0.1854
        0.295447       -0.179917        -0.80928
       -0.826342        0.180114        -1.22676
       -0.283459       -0.354877       0.0761137
        -1.11278          -1.084          1.0055
       -0.456287         1.00639        0.107193
       -0.171413        -1.09991       -0.960467
        0.677858        0.868623        -1.63025
       -0.529498        -1.65121        0.844162
       -0.943251       -0.310613       -0.299072
        0.212574     -0.00626069         0.21308
       -0.626943        0.123811         1.79162
         1.93692         2.07307        -1.68916
        -2.24413        0.320463         -1.3048
        -1.03227      -0.0126249       -0.329055
        -1.32226       -0.817233       -0.940408
        0.644503        0.122199        0.964998
