         -0.2573       -0.761362       -0.533061
        0.192048         1.75448        0.047945
        0.225012        -1.07172        0.315896
       -0.443542       -0.590737        0.140416
       -0.800831        -1.03801        0.326236
        0.656954       -0.448585       -0.500395
       -0.556944        0.141235       -0.312828
       0.0165344        0.444867        0.110727
        -2.29523            1.38        0.607148
          1.1237        -1.36174      -0.0133643
          1.4313        0.371143         1.40247
         1.78645        0.273998          1.6295
        0.198147        0.257187        0.431947
         1.53392       -0.667268        0.687124
      -0.0459642       -0.388902        0.900899
       0.0424176        0.284046         0.87565
         1.22081        0.145678         1.39485
        -0.28379        0.378988       -0.406186
       -0.465703         1.90533        -1.75555
        0.794499        0.608499       -0.882479
       -0.136836       -0.337166        0.344116
        0.267518       -0.954459          1.3772
        0.533303        0.568329        0.237178
        -0.39114       -0.296709       0.0279931
        0.323043       -0.387753        0.586373
       -0.508822       -0.356904       -0.779844
        0.248892        -2.05626       0.0704896
         -1.3756       -0.561676      -0.0909155
        -1.37256        0.641626        -1.33611
        0.185975        0.723516       -0.682598
       -0.539205        0.164356       -0.132815
       -0.454465        0.202118       -0.758366
        0.237401        -1.07708        0.719378
       -0.429562       -0.178756         1.49674
     -0.00427643         1.29987        0.692484
         1.20183       -0.357994       -0.447139
       -0.485908        -1.13474       -0.716015
        0.584259       0.0156062       -0.331677
        -1.32536        0.724525       -0.637569
        -1.45245        -0.17083        0.426029
       -0.422916        -2.43609        -1.36299
       -0.666022        -0.49743        -1.04198
         1.35488         2.61444        0.349187
        0.593265         0.44489        0.689067
        0.293878      -0.0516922       -0.340408
      -0.0331882        0.782867         1.45647
       -0.828293        0.987584        -1.07253
       -0.691877         1.37712        -1.33485
         1.31689        -1.01814       -0.234086
       -0.618017        0.773909       -0.290735
       -0.927007        -0.50994       0.0391847
        0.134653         1.96637        -0.17716
       -0.900646       -0.167632       -0.344565
       -0.184924        0.633302        0.317039
       -0.113485        -0.12677       -0.665928
        0.477678        0.201522        0.615112
         1.00597        0.298543         1.46141
        -1.55262        0.614503        0.348087
      -0.0115137       -0.378685        0.248286
       -0.557078       -0.940874        -1.05175
        0.610816       -0.907352        -0.70446
        0.755943        -1.05304       -0.884638
       -0.079706       -0.270918         2.05009
        -0.16436          1.2014        0.843059
       -0.941086       -0.750568        -0.11146
         0.32765       -0.441581       -0.587012
        0.235165      -0.0424262        0.731347
        -1.46305          1.0325        0.678209
        0.678027       -0.178989        -1.64802
       -0.884435       -0.361492         1.50463
       -0.254221        -1.06262        -0.76664
       -0.160623        -1.20889         1.20439
        -0.83483         1.23945       -0.538214
        -1.28645        -0.19388        0.809709
        0.842201        0.564985     9.36439e-05
        -0.51904       -0.285744        0.182313
         1.04867        -0.84719        -2.07471
      -0.0990046       -0.259277       -0.775903
       -0.929246        0.805553       -0.816238
       -0.568494        0.175935         2.25645
         1.38247       -0.325618         1.08399
         0.49707          -0.547         1.59595
        -1.42129       -0.203163        0.300974
        -0.48731        0.359064       -0.317063
        0.684412        0.877817       -0.824532
         1.03855        0.718191         1.16663
         0.10911         1.10063       -0.754068
        0.267705        0.262288        -1.34103
        -1.48037          2.1044        0.883506
          0.1933        -1.82639       -0.141065
        0.611701        0.854884       0.0288278
        -1.22775         1.06691       -0.908935
         1.19323         0.47531       -0.145871
        0.448827        -2.03271       -0.145847
        0.961919       -0.590693     -0.00722272
        0.151852          1.3005        0.384645
       -0.687605        -1.69547       -0.652332
       -0.562264       -0.684968        -1.60124
        0.289909       -0.378739       -0.154301
       -0.558365         2.02952        0.278186
        0.396683        0.690449        -2.14822
         1.98606        0.113964      -0.0599424
        -1.01469        -1.57962       -0.833548
         1.72631       -0.684099       -0.459382
          1.7027       -0.976248         1.07495
      -0.0999773       0.0469051       -0.687783
        0.971438     0.000620864         1.07492
       -0.235702       -0.287142       -0.181927
