        0.662409         1.35872         0.31425
         0.23563        0.118864       -0.283864
        0.528901         3.86477        0.180735
       -0.107931         1.94922        -1.67352
         3.01446        -1.20668       -0.538363
         1.82684        0.647819      -0.0679189
         1.05899        0.491621          1.5955
         1.36583        0.164677         1.48355
        0.221412       -0.960948        0.323024
        -1.39046        0.902333         1.96324
        0.692412       0.0385408         1.42505
       -0.855646        0.981314        0.231693
       -0.266242        -1.05917         2.15685
        0.916694       -0.816238        0.797764
       -0.620308        0.890351       -0.244502
       -0.985656        0.428061       -0.284967
        0.333678        -1.37622          1.1569
        -0.86039         1.03286         2.94004
        -2.37778       -0.426279        -1.24591
       -0.221581        -1.44238         -1.1258
         1.13464        -1.02377       -0.365686
        -1.50074       -0.507466        0.489896
        -1.06478        -1.71853        -0.29522
       -0.452889        0.556985       0.0477624
        -1.72964        -1.81378       -0.202643
       -0.409024        0.333479       -0.843404
        -1.23951        0.603053        0.205274
       0.0573249       -0.595896        0.432754
        -1.05205        0.195661         0.41336
        0.796644       -0.186085       -0.591073
        0.178061         0.29097        0.899016
       -0.331328         3.43562       -0.902466
         1.10636        0.366058        0.265016
       -0.975454         1.38769       -0.696469
         1.81596      -0.0216594       -0.144552
         1.71516        -1.92825        -1.25003
        -1.07899         2.51527        -1.14378
       0.0179972        0.780226       0.0172337
        0.148532        -2.30944       -0.495608
        -1.53999         -0.7411        -1.19839
       -0.810822        0.178739        -1.80285
         2.07465        -1.40114         1.18767
       -0.853843         0.38649         1.42202
        0.242211        0.340126        0.520791
        -2.19853        -1.83337        0.386527
       -0.778217         1.49963        0.357302
       -0.824363       -0.173378        -1.23103
        -1.11622         2.24407        -1.56578
       -0.672718        -1.99922           1.089
        -2.01823        -1.13896         1.41011
        0.818257       -0.293718       -0.790107
         1.40735       -0.124989       -0.863808
        0.878774       -0.281438        0.656556
        0.344581        -1.38627        -1.37432
         -1.7681         0.46962        -2.26737
          1.2252       -0.648905        -1.95375
        -0.51892        -0.60582      -0.0701981
        -1.12173       -0.562907         1.48376
         1.28048         1.33844         2.41149
        0.187181        0.893427        -1.08785
       -0.507981         -1.8005        0.253301
        -1.64851         0.39043         1.05209
        0.148664       -0.432154        0.775655
        0.263715       0.0966792        0.336767
         1.50712        -1.22996         1.15349
        -1.21525         1.18759        0.541126
       -0.721298       -0.623469       -0.581775
        -1.27976        -0.22705        -1.37543
      -0.0455906          2.0448         1.69673
         1.63044         1.27979       -0.160444
        -1.19033        -1.07945      -0.0743336
         1.11356         1.01005         1.75562
         1.21281         1.60812        0.382595
       -0.658331        0.910227         2.78143
       -0.482005        0.994974        0.717545
        0.132027      -0.0894484        -1.85603
         1.38808        0.066725       0.0820579
       -0.865944        0.650988        0.743913
        -1.29196       -0.081539        -1.17757
         1.36504       -0.649815       -0.934477
        0.952173        -1.24993       -0.569739
         2.02152       -0.492195         -1.8337
       -0.152128         -1.9484         1.43708
        -0.32074        0.544241         0.53635
         1.38007       -0.911776        -1.03554
        -1.19763       -0.514686         -1.2711
       -0.530315         1.00042           2.504
        0.151618        0.479412        0.650555
         1.66481       -0.242934        -1.09761
        0.642554         1.10284         1.54751
       -0.544016          1.1512       -0.370992
        0.479767       0.0680573       -0.530971
       -0.204809        -1.22796        -1.54304
       0.0330176       -0.630528         -1.0806
        0.367006       -0.413747        0.211589
       -0.463507      0.00350076        -1.90973
        -1.39895        -1.20457        0.138165
      -0.0535149        0.482093       -0.655032
       -0.589835       -0.258898        -1.00304
       -0.563573        -2.54505        -1.36561
         1.36897         1.48706         2.28089
        -1.16512       -0.735237       0.0118933
        0.759496       -0.394253        -1.47486
         1.90277         0.39718       0.0378662
        0.800333        0.577142        -0.58169
      -0.0762096       -0.139962      -0.0329527
        0.597184       0.0644787        -0.23459
        0.740051       -0.575181       -0.540271
