       -0.887555        -1.27178       -0.904871
        0.397291         1.61826       -0.513341
        0.245868        0.812045        -1.09536
          0.4317       -0.137563        -1.51327
      -0.0526615         0.90111        0.658135
         1.04947         1.97672        0.224111
       -0.400192       -0.625704        0.870517
       0.0605044        0.154125      -0.0336266
        -2.08573        -0.73434        -0.60654
       -0.175575         -1.8999         2.32173
        0.509636       -0.139039       -0.848238
        0.192907        -2.37933        -2.20752
        -1.03626       -0.474809        0.467311
         1.54152        -2.20071       -0.168023
         1.21848         -0.7394        -2.51328
       -0.198448       -0.525831         2.48526
        0.570938       -0.333231         0.47384
       -0.395307         1.01326       -0.409907
         1.08008         1.69664        -2.01166
       -0.882339         1.67328       -0.597811
        0.711372        -1.80593      -0.0941025
        0.429753      0.00314075          1.1108
        -0.26097        -1.05878         1.02493
        -0.21358        0.138489       0.0366251
         2.93406        -1.12192      -0.0114101
        0.694259         0.32904        -1.41133
         1.27804         1.55536         0.59501
        0.126776        0.582958        0.463885
         1.58892         1.10062          1.5004
      -0.0891054        0.599987        0.556086
        -1.14547        -1.23159        0.594317
         1.59956        0.279732        -1.46969
        0.845505       -0.418742         2.13774
       -0.263411         1.46726       -0.476198
        0.110848        0.300276       -0.983537
       -0.974064        -0.33609        0.792364
        -1.09102        0.295021        -1.39072
        0.461899      -0.0787187         2.90531
        -0.42797         1.34197         1.01988
          1.0704         0.38691        0.033478
        -2.56103        0.130523       -0.434962
        -0.79556        0.410966         1.50652
        0.133828        0.533509        0.666074
        -1.31811         1.38331        -1.30969
         2.26545        -1.04342      -0.0151201
      -0.0206528       -0.764996     0.000985361
         1.84641        -0.79275        0.509678
        0.930341         1.02703     -0.00821284
        -1.09479        -1.86829        0.527337
       -0.535957       -0.453835       -0.411615
       -0.137652         1.38967         1.64363
        0.298945         1.15033        0.958374
        -1.59002       -0.505271       -0.448511
         1.03967        0.925507        0.433934
       -0.551141      -0.0661235       -0.539307
      -0.0666949       -0.329154        0.708552
        0.833444       0.0811099        0.860709
        -1.06702        0.213944       -0.701745
       -0.707161        -1.39665        0.800858
       -0.052648        -0.43406        0.185464
       -0.737003        -1.15763         1.00022
       -0.748745       -0.739658        0.365811
       -0.187767       -0.136013        0.581471
       0.0460768       -0.160894        0.712365
         1.91064      -0.0759111        -2.45276
       -0.643182       -0.264875        0.231778
       -0.483037        0.458893        0.256343
        -1.33383       -0.439853       -0.616707
        -1.77999       -0.140756       -0.983677
       -0.802269        -1.07658        -1.12831
         0.09561         -1.3903         1.07062
        -1.52555        0.368683         1.04719
        0.163841        0.047349       -0.924296
         1.20974       -0.955675         1.01366
        -1.25686       0.0223164       -0.457817
         1.72612         -2.2818         1.78111
        0.550534        0.827816       -0.574622
       -0.553803        0.803903      0.00063623
        -0.84938         2.25332        0.227378
       -0.613607         1.22602        -1.44074
        0.676439        0.929542        0.516403
        0.303225         1.03486       -0.392933
        0.228103       -0.260427        0.974528
        0.310067        0.583329        0.603447
         1.31957         1.02075        0.843201
        -1.43817        -2.52897       -0.688435
       -0.679649        -1.26903       -0.592502
        -1.50206      -0.0925572        0.184104
      -0.0159358        0.253014       -0.676018
         1.65954       -0.976687        0.215472
        -1.59668        0.263522       -0.559495
        -1.33434      -0.0360865        0.891714
       -0.144917       -0.254889       -0.472633
        0.390581      -0.0354695        -1.81992
         2.33657         1.61618        0.396779
        0.035856         1.19449        0.649661
        0.412252        0.657001       -0.916719
        0.328412        0.586113       -0.813897
        0.629764       0.0676911        -1.56874
       -0.377867         0.87731        0.589907
        -1.56027        0.433763       -0.141149
       -0.159006         1.34298       -0.829943
         1.53459        -1.37103        0.295086
        -1.90666         1.78111       -0.572942
        0.739669       -0.631759       -0.732516
        0.607855       -0.581236        0.478931
        -1.71496        -1.12102        0.323086
         1.31071        -0.97499         -1.8384
