        -1.12553          1.2796        0.762786
       0.0901832       -0.207407       -0.266325
        -1.12835       -0.159665        0.279937
        -1.28055       -0.559651        -1.63015
         1.34032        -0.23053        0.880946
       0.0128141        -1.37191       -0.670923
        0.832256       -0.299631        0.294638
         0.75921        0.282464       0.0267721
         1.38059        0.325482        -1.01492
         1.42641         1.41592       -0.197788
         -1.5373        0.590389       -0.608662
       0.0804306        0.401372         1.69757
         0.49014        0.374054       -0.473807
        -2.75359       -0.829378        -2.62948
        -2.11645        -1.14963         1.44734
        -1.04067         1.70781         1.63967
         1.14925        0.447756        0.679647
       0.0381254       -0.183215         -1.6718
        0.469407       -0.587991       -0.778133
        -1.44361       -0.489945      -0.0540484
       -0.312508       -0.185479       0.0254918
        0.291538       -0.607577        0.951234
       -0.485504         1.42561         1.40833
       -0.341027        0.135428        -1.36286
        0.583938      -0.0484287        -1.00813
        0.489587        -2.07023         2.57545
       -0.267421        -0.36488         1.62376
        -1.09997        -1.40499       -0.324764
        -1.63276       -0.934542       -0.239333
         1.79536      -0.0520628        -1.27196
        0.975384       -0.464543        0.783024
         2.25896        -1.45788       -0.374203
       -0.985329        -0.46108       -0.528118
         1.56066       -0.212243       -0.845034
        0.100592      0.00299849        0.902738
         -2.1679       -0.321466        0.730586
        0.531287       -0.719507        0.163705
        -0.92292         0.70366        -1.67858
       -0.122083      -0.0618344         1.60159
       -0.479443       -0.769623         1.13273
         1.13688         0.65249         1.41199
        -2.16832        -1.31182        0.884537
      0.00465182        0.508663        -1.54133
        0.778962       -0.612549        -1.33908
        -0.22826       -0.894879         1.35014
       -0.864833         1.04143        0.694474
        0.499167        -1.23717        -2.00994
       -0.110188        0.438574        -1.22875
        -1.56776        0.698518        0.595944
          0.7989        0.208088        -1.24783
           1.147     -0.00138924       -0.746724
         1.34614        -1.48761         1.02303
       -0.182242         3.09199        -2.41457
       -0.682348         1.64754         1.74948
         0.21811          2.1938         2.92113
        -1.95775        -1.04575       -0.321481
      -0.0585847       -0.295795         2.78562
       -0.783808        -2.11541        0.524848
       0.0405994        -1.08359       -0.615832
       -0.337612         1.05663       -0.562654
     -0.00355466         1.12159        0.237124
         0.26335        0.903925        0.532886
       -0.817465       -0.961098      -0.0761113
        -1.06558        0.762485         1.58502
        0.430537      -0.0325219        -1.40164
        -1.55751      -0.0428083       -0.259388
       -0.271583          1.7217      0.00563458
       -0.248067       -0.577754        0.348642
        -1.60767      -0.0978738        0.125388
        -1.32749       -0.163704       -0.616719
         1.83159        0.817128        -1.14497
        0.337853      -0.0674483        -1.20378
         1.92709       -0.971517        -1.62863
       -0.726431        0.566555       0.0367959
        0.521783        0.163638         0.67553
        0.066677        -1.94593        0.910714
         2.14265       -0.582906        0.738083
       -0.411496       -0.754769        0.954345
        -1.24961        0.370871        -1.46125
       -0.194415      -0.0364596        -1.00589
       -0.611764        0.238767       -0.322432
           2.269       0.0640955         1.42916
        0.237526       -0.427098        0.547378
        0.853456          1.0871       -0.554457
          0.7129        0.956155       -0.383147
       -0.727762        0.757693        0.517583
         1.51981        0.355544        -1.17462
         1.30615         1.11225         1.25339
        0.346541        -0.57018         1.24275
        0.357974         1.13569         -0.8617
        0.539302       -0.295689       -0.721508
       -0.562493        0.930717       -0.302967
        -1.05913        0.821111        -0.18144
        0.459344       -0.646739        0.523498
        -1.77702        0.105551       -0.914781
        -1.29249       0.0384456         1.32656
       -0.530914       -0.374016        0.186489
          1.9811      -0.0742179        0.799237
         1.05771       -0.309664        -1.61617
          2.5207       -0.400072       -0.147844
        0.593542       -0.630933       -0.215599
         1.29703       -0.493136       -0.948142
        0.695933        0.983138        0.866303
       0.0202881       -0.311024        -0.99706
        0.236238         1.06605       -0.846273
       -0.664787         -1.6564       -0.872972
        0.127388         0.34826         1.64819
       -0.388422         1.65651       -0.523163
