       -0.653539        0.665812        -1.05271
       -0.809508        0.321479        0.547774
        -1.76766        -0.28108       -0.966363
         1.02677       -0.304282         2.37822
         0.21267        -1.12783       -0.912293
       -0.913805         1.23953       -0.190052
       -0.801628        0.546208        0.107187
        0.588956        0.461931       -0.266295
        -1.21469       0.0133267       0.0397171
        -1.01307       -0.439528         1.09494
       -0.539615        0.589261        -0.45122
        -0.19111        0.588216        0.579321
       -0.921106        0.524899        0.875648
       -0.615009       0.0806968        0.405726
         1.97677        -1.02529        -1.56436
         1.08518        -2.03008       -0.493787
         1.26467         1.19675        0.218502
        0.349393         0.73245       -0.241289
        0.206001          1.1354       -0.272228
          1.3318        0.616738       -0.489839
        0.257655         0.48538       0.0605504
       -0.487696        0.210951       -0.487103
        0.024676       -0.620031        -1.05829
        -1.22676       -0.176923       -0.945296
        0.953562       -0.519634        -1.87449
       -0.463832        0.383714       -0.219822
       -0.683252        0.333067       -0.910574
        -1.04642      -0.0546925       0.0912291
        0.738413        -1.24036       -0.513498
         1.40118       -0.790094         1.19175
       -0.621959         1.45299       -0.483594
       -0.415554        0.531956        0.808792
       -0.510895       -0.421179        0.442104
        -1.08633        -0.49852       -0.438769
       -0.527822        -0.29276        -0.48291
        0.824805       -0.173739       -0.545836
        -1.78643         1.10742         1.06646
          1.5225        0.162827       -0.696198
        0.740565         1.38563        -1.27392
       -0.309699         1.12941       -0.172179
        0.723778        0.341047       0.0540975
        -1.87261        0.219733       -0.901597
       -0.734666       -0.059673         -2.1851
        -1.16685        -0.96911        0.696639
         1.30467        0.828957       -0.295541
        -1.00407       -0.150945        0.720173
        0.921157        -2.16664       0.0249371
         1.23759       -0.113087       0.0187407
       -0.180829        0.315872        0.946041
        0.915278        -0.50976         2.52955
       -0.357467        0.752918         1.45908
        0.621417        -1.16489       -0.988874
        0.105352        -1.12252        0.493309
         1.07557       -0.615543        0.122403
       0.0808754       -0.439578       -0.286857
        0.118173       -0.219905        0.730256
       -0.789956         1.29608        0.188348
        0.779778        0.474404         1.35503
        0.197376        0.139731         0.38013
       -0.848299       -0.984517       -0.716118
        0.300317        0.165846     -0.00444354
         1.10733       -0.806423        -1.42661
       -0.710224        -1.04178         0.62304
     -0.00336531      -0.0103825        0.157549
       -0.261278       -0.063737         1.04969
        0.855959        -0.78984        -1.02413
        0.953681         1.49291       -0.427201
       -0.169582         1.82534       -0.192924
       0.0822351      -0.0295821        0.258419
        -0.29775       -0.475471        -1.17671
        0.230079       -0.777085         2.28171
        0.379441        -1.26862       0.0754475
       -0.326381       -0.182614       -0.297188
       -0.167405        0.313442       -0.179869
         1.03141        0.403867       0.0612206
         1.20237        0.270099         1.42385
       -0.283502         1.16334        -0.38582
         0.74809       -0.417258       -0.730963
        -1.14637       0.0710484        -1.24867
          0.1808        -2.19312        0.957294
         1.21582        0.642151       -0.167321
        0.757309        -0.62974        0.781208
        0.165596       -0.831452       -0.454994
      -0.0887163          0.2587        0.342108
        0.757273         1.67391          1.0273
       -0.222807       -0.288621        0.823464
        -0.32918       -0.688317        0.217154
        -1.12772       -0.883123       -0.965235
        0.219795       0.0458906       -0.196149
       -0.541081        0.545348        0.700149
        0.381275         1.40488        0.517267
        0.885423        0.197487      -0.0789632
      -0.0280843         1.15487        0.972339
        0.226304        -1.48303        0.951495
         1.05385       -0.805971        0.998295
        0.211712       -0.894293       -0.218256
       -0.704818       -0.736913      -0.0785894
         1.11686        -1.16517       -0.727199
        -1.16321        0.262631        0.851564
        -1.81829         2.32489      -0.0386201
       -0.407638       -0.871787       -0.471152
        -1.53012       -0.534391        0.532129
        0.643356        0.444147        0.739642
       -0.237086        -1.02351      -0.0792717
         1.52751         1.12809       -0.964655
        -1.36465         1.22381       -0.545752
       -0.549425         0.68776        -1.08787
        0.220473       -0.560829       -0.423466
