       -0.513051       -0.806723       -0.514128
       -0.976018        0.420181         0.23294
        0.618439         -0.2702       -0.490957
       -0.154258     -0.00848259       -0.306518
        0.324998        -1.53249       -0.162637
        -1.17685         2.15073        0.051362
       -0.557794        0.627881       -0.426482
        0.873705        0.675351       -0.268048
        0.615338       -0.754203       0.0436308
        0.500433          1.1061       -0.319349
        0.931489        0.334936       -0.424427
        0.206822        0.156076       -0.640062
       -0.571572       -0.281617        0.850561
       -0.624208       -0.934308        0.221712
        -1.24714         1.16997       -0.197748
        0.777735        0.223393        0.361678
       -0.024232       0.0594997        -1.58816
       0.0639114        0.206247         1.27725
       -0.276376       -0.192055         0.69764
       0.0171652     -0.00935365        0.339383
         1.11152         1.79756        0.629624
       -0.825882       -0.297373         1.15254
        -1.09445       -0.272299        -1.20233
       -0.768296        -1.25425        0.883436
        0.602286        -1.57155        0.675162
        -0.50566       -0.919533        -0.72463
        0.197637         -1.6122       -0.032611
       -0.165309       0.0519402        0.874616
        0.578294         0.79154        0.613099
          2.0283        0.261179        0.146135
         1.10839        -0.52073         1.20042
         -0.1033        -1.23496       -0.385873
         1.15868      -0.0532431         1.48227
        -1.12975       -0.245111       -0.591223
        -1.07675        -1.25843       -0.146776
          2.0075       -0.641479        0.664154
       -0.474245        -1.62996       -0.636565
        0.750159       -0.342933       -0.467846
        0.198836       -0.776811        0.611841
       -0.559119       -0.417124          1.7563
        0.928254       -0.827327         2.29344
         1.09275        0.239064        0.743811
        0.334973        0.474731       -0.282194
       -0.986144          0.3059         -2.1702
        -0.41641         -0.2498        0.384422
       -0.692372        0.102114         1.14173
        -1.36376       -0.232944       -0.064954
         1.11555        0.341158         1.40816
        0.292232       -0.861438      0.00597728
        -0.50533       -0.550474       -0.729147
        -1.00389        0.847933        0.968891
        -0.58908        0.303488       0.0629784
       0.0815344         2.04398       -0.418292
         1.37061        -1.33831       0.0316649
       -0.301791        0.398545        0.187819
        -0.62948       -0.581979        -1.33647
        -0.63889          1.9556        0.501719
       -0.882483         1.62075        -1.07639
        -1.39562        0.545527         1.43019
        -1.35821        -0.92237       -0.653109
       -0.579945        -1.10133       0.0149876
        0.499069        -1.22537       -0.499902
         1.48863        0.183425        -1.26331
        -1.90872       -0.618026       -0.631517
        -1.39071        0.193071        0.643087
         2.01004       -0.431243       -0.534188
         1.23783         0.47151        -1.30443
        0.870067        0.738655         2.20547
       -0.305829        -1.02553        0.150796
     0.000305997       -0.384982      -0.0809713
       -0.206318       -0.777061       -0.646386
         1.35415        0.492931        0.838045
         1.76745       -0.715893        0.869309
        0.555889        0.356063       -0.760797
        -1.06104        0.213615         1.78086
       -0.441876         1.34022       -0.624416
        -1.41658      -0.0774522       -0.287461
       -0.780337         0.39192        0.209791
         0.70413         0.66037        0.427397
       -0.727097        0.567774        -2.14307
       -0.407324       -0.601709        0.449221
         1.02235         1.30842        0.288656
       -0.788181         1.19195         -1.3343
        0.436997        0.913425        -1.45682
       -0.255589        0.892789        -2.28114
        0.907894       -0.887108       -0.665947
        -1.24919         1.02089       -0.135846
           1.263         0.71016         1.15221
        -1.07239        -1.20922       -0.497718
        -1.73995         2.15231       0.0464437
      0.00880877        0.348714        0.358334
         1.43206        -1.21356       -0.672842
        0.279331      -0.0682564       -0.035267
         1.18617       0.0901212         -1.3143
        0.284908        0.711015       -0.581117
        0.902938        0.742547       -0.667125
       0.0660988       -0.619409        0.866906
       0.0748505      0.00751463       -0.282311
       -0.935858        -0.85871        -2.00568
          1.0615        0.541609        -0.68976
         0.88107        0.340102       -0.786532
        -1.10156      -0.0230951         1.63211
        -1.25334        0.844354        0.220193
       -0.237902       -0.508265        0.614978
        0.402282        0.384094        0.255166
        0.922197       -0.485428         1.45868
        -0.43766       -0.559047        0.628145
        0.377513       -0.228187        -0.59706
