        -1.17558          1.3365        0.796704
       0.0941933       -0.216629       -0.278167
        -1.17852       -0.166765        0.292385
        -1.33749       -0.584537        -1.70264
         1.39992       -0.240781        0.920118
       0.0133839        -1.43291       -0.700756
        0.869263       -0.312955        0.307739
        0.792969        0.295025       0.0279626
         1.44197        0.339955        -1.06004
         1.48984         1.47888       -0.206582
        -1.60566        0.616641       -0.635727
        0.084007        0.419219         1.77306
        0.511935        0.390686       -0.494875
        -2.87604       -0.866257         -2.7464
        -2.21056        -1.20075          1.5117
        -1.08695         1.78375         1.71258
         1.20035        0.467665        0.709868
       0.0398206       -0.191361        -1.74614
         0.49028       -0.614137       -0.812734
         -1.5078       -0.511731      -0.0564517
       -0.326404       -0.193727       0.0266253
        0.304501       -0.634593        0.993531
       -0.507092           1.489         1.47095
       -0.356191         0.14145        -1.42346
        0.609903      -0.0505822        -1.05295
        0.511357        -2.16229         2.68997
       -0.279312       -0.381105         1.69596
        -1.14888        -1.46747       -0.339205
        -1.70537       -0.976097       -0.249975
          1.8752      -0.0543779        -1.32852
         1.01875         -0.4852        0.817842
          2.3594        -1.52271       -0.390843
        -1.02914       -0.481582       -0.551602
         1.63005        -0.22168       -0.882609
        0.105064      0.00313182        0.942879
         -2.2643        -0.33576        0.763072
        0.554911         -0.7515        0.170984
       -0.963959        0.734949        -1.75322
       -0.127511      -0.0645839         1.67281
       -0.500762       -0.803845          1.1831
         1.18743        0.681504         1.47477
        -2.26474        -1.37015        0.923869
      0.00485867        0.531281        -1.60987
        0.813599       -0.639786        -1.39862
        -0.23841       -0.934671         1.41018
       -0.903289         1.08774        0.725355
        0.521362        -1.29219        -2.09931
       -0.115087        0.458076        -1.28339
        -1.63748        0.729578        0.622443
        0.834424        0.217341        -1.30332
           1.198     -0.00145101       -0.779928
           1.406        -1.55376         1.06852
       -0.190345         3.22948        -2.52194
       -0.712689          1.7208         1.82728
        0.227809         2.29135         3.05102
         -2.0448        -1.09225       -0.335775
      -0.0611897       -0.308948         2.90949
       -0.818661        -2.20947        0.548186
       0.0424047        -1.13177       -0.643216
       -0.352624         1.10361       -0.587673
     -0.00371272         1.17146        0.247668
         0.27506        0.944119        0.556581
       -0.853814        -1.00383      -0.0794956
        -1.11297        0.796389          1.6555
        0.449681       -0.033968        -1.46396
        -1.62677      -0.0447119       -0.270922
        -0.28366         1.79826      0.00588512
       -0.259097       -0.603445        0.364145
        -1.67916       -0.102226        0.130964
        -1.38652       -0.170983       -0.644142
         1.91303        0.853462        -1.19588
        0.352876      -0.0704474        -1.25731
         2.01278        -1.01472        -1.70105
       -0.758732        0.591748       0.0384321
        0.544984        0.170915        0.705568
       0.0696419        -2.03246         0.95121
         2.23792       -0.608826        0.770902
       -0.429793        -0.78833        0.996781
        -1.30517        0.387363        -1.52623
        -0.20306      -0.0380808        -1.05062
       -0.638967        0.249384       -0.336769
         2.36989       0.0669455         1.49271
        0.248088        -0.44609        0.571718
        0.891406         1.13544       -0.579112
          0.7446        0.998671       -0.400184
       -0.760123        0.791385        0.540598
         1.58739        0.371354        -1.22685
         1.36423         1.16171         1.30912
        0.361951       -0.595533         1.29801
        0.373891         1.18619       -0.900017
        0.563282       -0.308837        -0.75359
       -0.587505        0.972103       -0.316439
        -1.10623        0.857622       -0.189508
        0.479769       -0.675497        0.546776
        -1.85604        0.110245       -0.955457
        -1.34996       0.0401551         1.38555
       -0.554521       -0.390647        0.194782
         2.06919      -0.0775181        0.834776
         1.10474       -0.323433        -1.68803
         2.63278       -0.417862       -0.154418
        0.619934       -0.658988       -0.225186
         1.35471       -0.515063       -0.990303
        0.726879         1.02685        0.904824
       0.0211903       -0.324854         -1.0414
        0.246743         1.11346       -0.883904
       -0.694348        -1.73006        -0.91179
        0.133052        0.363745         1.72148
       -0.405694         1.73017       -0.546426
