        0.518126         -1.1759       -0.893183
         -1.5638        -1.90331         1.46578
         -1.1401         1.02764         2.09259
         1.90075        0.290735         -2.8905
        0.337038        0.886308        0.383824
        0.639418         3.01787        0.360999
       -0.803456       0.0120413       0.0502878
          0.8861        -1.10878        -2.48555
       -0.296342       -0.146048         1.10133
        -1.30754        0.599438       -0.886644
        0.328076        -1.34759        0.598909
          -1.682         0.92069        -1.02656
        -0.61315        -2.64754        0.579272
         1.16602       -0.100876        0.690337
        0.274376       -0.802656       -0.313286
       -0.578523       -0.498705       -0.278466
        0.413204       -0.606547         2.83938
        -1.98337        -1.37062         -1.0128
       -0.701814        -2.18298       0.0768351
         2.24885        0.777611        0.360539
        0.274697       -0.237631        -1.31435
         1.36152       -0.253756        -1.23443
        0.042922        -1.59848        0.203193
       -0.543416          1.3125       -0.312777
         2.70981         1.70803        0.393739
        -2.31479       -0.190355        0.797605
         3.19376        0.533697        0.818109
        0.873212        -1.59217        -1.83314
        -1.05895         1.95482        0.649474
       -0.675508        0.913492       -0.876037
         1.10563       -0.222237        -0.59025
         -1.1988       -0.143255       -0.507808
         -1.0536       -0.334642        0.171496
        0.362985        0.636691        -1.91441
         1.18241        0.556294        0.975007
         1.37845         2.52743        -2.30575
       -0.923449       0.0530183       -0.736005
      -0.0676965        0.173348        0.135739
        0.840224       -0.245142         2.17209
       -0.682255        -2.74433        0.524043
         2.21589         2.42072        0.688812
      -0.0328229         2.15672      -0.0822075
        0.416424         1.10025     -0.00386539
        0.533762       -0.279275        0.323308
        -1.24776        -1.01926         -2.7242
        0.380413        -1.55043        0.201788
      -0.0768068         1.05687       -0.696857
         2.22364       -0.279905        0.528592
        -2.11679        0.553301       -0.129671
       -0.782486        0.575005       -0.199958
       -0.525039        0.100638         1.26476
       -0.392909        0.326376         1.49877
        0.669321       -0.819127        -1.51755
       -0.237697       -0.994438       0.0633479
        0.715914        -2.41077         1.45339
      -0.0839387       -0.726939        0.430421
        -1.03107        0.853385        -2.31642
         -1.6555         2.86137         1.54563
       -0.849228       -0.860624       0.0362658
        0.292119          1.0481        0.188684
         1.66834         1.10516        0.589075
       -0.498769         0.50675        0.834175
         1.15505         0.46693        -1.05734
         2.08469         1.03906         1.08933
        0.739436       -0.423253        -1.12106
       -0.532731        -2.45604        0.268307
      -0.0669145        0.426327       -0.440812
        0.320478       -0.730783       -0.590217
         0.21257        0.803205       -0.204935
        0.780786       -0.686935       -0.584203
        -1.07486       -0.169695      0.00912992
       -0.977734        0.792599       -0.994311
        -1.24195       -0.818312       -0.173075
        -1.25244       -0.978158       -0.903311
        -2.91634        -1.29773         1.85957
         1.14792       -0.179638        -1.07973
       -0.908609        0.798799       -0.720263
        0.582702        0.469466        0.644963
       -0.853915         2.48068       -0.692146
       -0.820074        0.373364          1.5912
         2.55297        -2.06533       -0.449222
        -1.23451        -1.85675         2.51088
         1.93621        -2.08117        -0.85292
        -1.45043        0.315263       -0.212038
        0.685893       -0.663855        0.870054
       -0.478942         1.03001        0.115416
       -0.999172        0.518331        0.326555
        0.848391        -1.44258       -0.924811
       -0.436977        -2.36578        0.684617
        0.283578       0.0026321         1.34813
         0.35432         1.69132        -1.33564
        0.335821         1.17685       -0.612786
        -2.06391       -0.221627        -1.01962
        -1.38701        0.928662         1.35635
         1.67485        -0.26135         1.90887
        0.604138         1.33146        0.393617
       -0.331906       -0.369892         1.41575
         1.09818        0.477079       -0.471088
        0.748193      -0.0404635         1.86796
        0.232451            1.21        0.654816
        -1.03991        -1.45328         1.06659
        0.783206         1.64429        0.587159
        0.573055        -1.89989        -1.20949
       -0.143229        0.209506        -1.53903
         1.84278         1.10204       -0.497688
      -0.0758765        -1.93724        -1.18346
         -1.1191         2.08376        0.461593
        -2.60513        0.856167       -0.166583
