      -0.0269572        -1.16694       -0.180917
         1.11036       -0.116459        0.890622
        -0.15587       -0.370035       -0.198883
        -1.15889       -0.446266       -0.602157
        -1.20407         1.25741        0.704247
        0.828264          0.9009        0.357182
       -0.261426       0.0967157         1.41457
        -0.67992        -2.02685      -0.0584597
         1.79458        0.768135       0.0441522
       -0.651269      -0.0111843       0.0209338
        0.204897       -0.377028       -0.710121
         1.56779        -1.61362        -1.64804
        0.384369      0.00704873       -0.381416
       -0.232037        0.356998        0.340897
        0.364268        0.935505        -1.19608
       0.0287215        0.442444       -0.390716
       -0.564947        0.669009        -1.30481
       -0.606315        0.588251        0.464987
       -0.893522       -0.307629         2.02349
         1.06223      -0.0296415       -0.382949
         1.44524         -1.7973       -0.762747
        0.340029        -1.55026       -0.270254
        -2.35898         1.53325       -0.652513
        0.262396        -1.79004        -1.09997
       -0.466232        0.421345        0.550322
       -0.913536       -0.646206        -1.19254
        -1.25445      -0.0779169        0.129834
        0.655014        -1.26239         0.16633
       0.0475312       0.0892042        0.980974
       -0.828295       -0.889014         1.37101
        0.479339         0.97224         1.34265
         1.30494       -0.830941        0.216908
         1.44572      0.00146924        0.151344
          1.2288        0.279824        0.237575
        0.131984       0.0734202       0.0624727
        -1.50875       -0.838993        0.673933
       -0.225275       -0.156557        0.757043
       -0.351911        -0.38872      -0.0809904
           0.998        0.660313         1.44311
         1.21794       -0.311705        0.199094
       -0.267315        -0.31543        -1.10941
       0.0540366       -0.242067       -0.606207
       -0.202162       -0.969894         1.01989
        0.923494       -0.679374       -0.219121
        0.313686       -0.810272         1.97363
         1.54603       -0.252985        -1.89889
       -0.409704       -0.157243        0.930266
       -0.903333         1.07932       -0.453923
        -1.44602         2.09303        0.267265
         1.82777        0.360947       -0.630198
        0.469484         -0.1766        -1.01947
       -0.398973       0.0450653       -0.187785
       -0.149626         0.86892       -0.819338
        0.911809        0.619461        0.638702
       -0.235551       -0.528611       0.0845918
        0.376902        0.442165        0.135184
        0.329612       -0.571254         1.35189
       0.0290376       -0.507548       -0.885544
        0.790588       -0.198571       -0.922764
        0.505314        -1.48042      -0.0563082
       -0.191091         1.46614        0.244049
        -0.95932        0.813386        0.077176
        -2.17099        0.492563         1.73973
         0.31488        0.927706        -0.30254
        0.131267        -1.07599       0.0348342
        -1.06262        0.121681        0.695836
       0.0913703       -0.588166         1.50368
      -0.0461029       -0.527611        -1.43244
       -0.119882         1.37753      -0.0450765
       -0.989138       -0.396209       0.0188153
        0.710992       -0.695389      -0.0757977
       -0.265642        0.218254         1.11741
         2.13638         -1.5359       -0.996129
         1.52752        -0.50443        0.197656
        -1.08718        0.187735       -0.155163
        0.580432       -0.516775        0.356557
         1.54413        -1.20009       -0.716657
       -0.514151       -0.192248        -0.11641
       -0.125789       -0.079126       -0.591866
        0.169202         2.23648        -1.04365
        -1.12276        -1.26397       -0.072424
        -1.62337        0.254588       -0.463786
        0.162758        -0.10114       -0.690736
       -0.157487         1.01131        0.329231
         1.17275         2.35335       0.0389832
        0.345796         1.03522        -0.73943
       -0.956271         1.24928       -0.275251
       -0.791725        0.543319         2.14754
        -1.05872        0.446953        0.305649
         1.51451        -1.05823        -1.29457
       -0.911791       -0.569043         1.38631
        0.564777        0.160883        0.510154
        -0.53403       -0.525239       -0.839858
       -0.381914        -1.04397        -0.84732
       -0.811671        0.951897        0.876434
       0.0778732        0.352441       -0.124878
       -0.678483        0.277751       0.0177794
        0.328477          1.3044      -0.0163882
        0.431235        -0.26553       -0.356295
        -1.09311       -0.479882        -0.41425
         -0.2264        0.222884         -1.7378
     -0.00266627       -0.242086       -0.157603
        -0.25019         1.36468       -0.972036
        0.127102        0.802129        0.983905
       -0.158793       -0.277329       0.0170061
        0.321867         1.30356       -0.431279
        -1.25626       -0.693825        0.130412
        0.669366         0.68966         1.15791
