       -0.425884       -0.675085       -0.276889
        -3.24436         1.19741         -1.0442
        -0.74597       -0.385724       -0.360998
        0.580321      -0.0408325        -0.63151
        0.883353         1.21852        0.248857
         1.05368        -1.23885         1.39712
         0.22347        -1.06215       -0.462106
         0.38456         1.45453        0.630711
       -0.618344         1.75695        0.778332
       -0.278918         1.20002       -0.823732
        -0.36894       -0.489403       0.0626869
       -0.762057        0.271168      -0.0835254
         1.46564        -1.91444       0.0497129
       -0.840921       -0.630219       -0.142993
      -0.0366324        0.747943         1.21458
        -1.46766       -0.066166         1.90364
         0.23614        0.568206        0.860802
         2.84254       -0.273467       -0.401785
        0.184226        0.373573        0.467273
       -0.633099        -2.86897       -0.392953
       -0.850917        0.448618       -0.843248
        0.323803       -0.465612         1.93101
       -0.653736        0.884515         2.46857
        -1.32389        0.477325       -0.390741
         0.63663        -1.70006        0.158608
         1.10186       -0.399827        0.388511
       -0.773018        -1.24053        0.872602
        0.132964        0.417159        0.423716
       -0.090805        -0.35184       -0.421017
         1.70999        -1.92546         1.60861
        0.338196       -0.269683        0.224775
        0.155648       -0.589109       -0.191388
        0.651299       -0.569932       -0.267005
        0.488636       -0.851849       -0.155744
        0.434166       -0.666419       -0.638792
         1.54481        0.216131         -1.3268
         1.54139        0.696618       -0.358124
        0.349892        -2.29445        0.274589
       -0.105059        0.527577       -0.768329
       -0.743863         2.23154         2.17793
       -0.104749        0.683317       -0.173448
        0.271203       -0.291072          1.5478
        0.570404        -1.71899       -0.312544
       -0.796154        0.147968        0.583292
        0.892295        0.891722       -0.803952
         1.38149        0.652334       -0.595655
         1.58604       -0.945576       -0.449677
        0.377346        -2.04605        -1.74118
        -2.08016       -0.311241        0.539811
        0.154532         1.63765        -1.40896
       -0.676057       -0.627901        -0.46639
       -0.915251       -0.779762        0.565178
        -1.56395       -0.624978      -0.0420112
        0.313049        -1.23868        0.782339
        0.876771       -0.276926       0.0517492
        0.035378       -0.678068         -1.4264
        -0.17738       0.0322375         1.90157
        0.369165       -0.140745        0.283507
         1.01188       0.0813712        -1.06588
       -0.630214        0.897879       -0.788674
        0.073834      -0.0653091       -0.122229
         1.06509       -0.366333       -0.392494
       -0.856405         0.99512       -0.962526
        -1.90139        0.563126        0.204723
         1.15533       -0.528297         1.00212
        -1.36715        0.598811        0.462057
        0.585062        0.982395        0.453936
         0.66883         0.10652         1.22824
        0.188905        0.616428       -0.531256
        -1.21239        -1.71611       0.0406306
       -0.445744        0.527523        0.722366
       -0.012611         1.08765       -0.175302
       -0.434775         2.25538       0.0944084
       -0.237765        0.254142      -0.0548113
       -0.247367         1.66127         1.07469
         0.79063        -0.55548        -1.15776
       -0.943388       -0.871013       -0.436235
       -0.297502         1.38448       -0.660976
        0.432392        0.894357       -0.971754
       -0.234185        -0.37899      -0.0829721
        0.775992        0.568534        -1.36296
        0.861901       -0.029844         1.16036
        -1.84514        0.107562         1.00174
         1.21097        -1.14469        -1.18121
      -0.0410727        0.730999       -0.486448
      -0.0698373         -1.1392        0.862689
         1.67994        -1.76847       -0.925896
        0.922754         1.82225        -0.12693
       -0.777078        0.313759        -1.48022
       -0.323494        0.899159        0.436507
         1.22052        -1.97666        0.662567
        -1.03165         2.10755        -0.91247
         -1.1406       -0.277864        0.287152
       -0.784463        0.441091         -2.5632
        -1.65646       -0.532676         -1.5732
        0.626503         1.83787        0.299177
       -0.664303          1.2564        0.164176
         1.51591       -0.640754       0.0293622
         2.31367       -0.178508         1.41715
       -0.464916        0.376025        0.726546
         -1.5218        0.338076       -0.490694
       -0.633276       -0.025615      -0.0804157
       -0.794214       0.0512719        -1.49215
       0.0442923        -1.22623         1.04845
        -1.52837         1.70584        0.188295
         1.07902        0.631031         1.39302
        0.949857       -0.158158        -2.22798
       -0.888844       -0.596612         0.35051
